Build started 2015/5/4 18:01:14.
     1>Project "C:\Users\tonyju\Documents\Visual Studio 2013\Projects\graphdrawing\graphdrawing\graphdrawing.vcxproj" on node 2 (Build target(s)).
     1>ClCompile:
         C:\Program Files (x86)\Microsoft Visual Studio 12.0\VC\bin\CL.exe /c /I./ /ZI /nologo /W3 /WX- /sdl /Od /Oy- /D OGDF_DEBUG /D _MBCS /Gm /EHsc /RTC1 /MDd /GS /fp:precise /Zc:wchar_t /Zc:forScope /Fo"Debug\\" /Fd"Debug\vc120.pdb" /Gd /TP /analyze- /errorReport:prompt csvparser.cpp
         csvparser.cpp
       Link:
         C:\Program Files (x86)\Microsoft Visual Studio 12.0\VC\bin\link.exe /ERRORREPORT:PROMPT /OUT:"C:\Users\tonyju\Documents\Visual Studio 2013\Projects\graphdrawing\Debug\graphdrawing.exe" /INCREMENTAL /NOLOGO Psapi.lib kernel32.lib user32.lib gdi32.lib winspool.lib comdlg32.lib advapi32.lib shell32.lib ole32.lib oleaut32.lib uuid.lib odbc32.lib odbccp32.lib /MANIFEST /MANIFESTUAC:"level='asInvoker' uiAccess='false'" /manifest:embed /DEBUG /PDB:"C:\Users\tonyju\Documents\Visual Studio 2013\Projects\graphdrawing\Debug\graphdrawing.pdb" /TLBID:1 /DYNAMICBASE /NXCOMPAT /IMPLIB:"C:\Users\tonyju\Documents\Visual Studio 2013\Projects\graphdrawing\Debug\graphdrawing.lib" /MACHINE:X86 Debug\csvparser.obj
         Debug\Source.obj
         Debug\DfsMakeBiconnected.obj
         Debug\PlanarAugmentation.obj
         Debug\PlanarAugmentationFix.obj
         Debug\basic.obj
         Debug\CliqueFinder.obj
         Debug\CombinatorialEmbedding.obj
         Debug\Constraint.obj
         Debug\ConstraintManager.obj
         Debug\DisjointSets.obj
         Debug\DualGraph.obj
         Debug\EdgeComparer.obj
         Debug\EdgeComparerSimple.obj
         Debug\extended_graph_alg.obj
         Debug\geometry.obj
         Debug\Graph.obj
         Debug\GraphAttributes.obj
         Debug\GraphConstraints.obj
         Debug\GraphCopy.obj
         Debug\graph_generators.obj
         Debug\GridLayout.obj
         Debug\GridLayoutModule.obj
         Debug\Hashing.obj
         Debug\Logger.obj
         Debug\Math.obj
         Debug\modules.obj
         Debug\NearestRectangleFinder.obj
         Debug\PoolMemoryAllocator.obj
         Debug\PreprocessorLayout.obj
         Debug\random_hierarchy.obj
         Debug\simple_graph_alg.obj
         Debug\stNumber.obj
         Debug\String.obj
         Debug\System.obj
         Debug\UMLGraph.obj
         Debug\CconnectClusterPlanar.obj
         Debug\CconnectClusterPlanarEmbed.obj
         Debug\Clusterer.obj
         Debug\ClusterGraph.obj
         Debug\ClusterGraphAttributes.obj
         Debug\ClusterPlanarizationLayout.obj
         Debug\Cluster_ChunkConnection.obj
         Debug\Cluster_CutConstraint.obj
         Debug\Cluster_EdgeVar.obj
         Debug\Cluster_MaxPlanarEdges.obj
         Debug\CPlanarEdgeInserter.obj
         Debug\CPlanarSubClusteredGraph.obj
         Debug\CPlanarSubCLusteredST.obj
         Debug\KuratowskiConstraint.obj
         Debug\MaxCPlanar_Master.obj
         Debug\MaxCPlanar_MinimalClusterConnection.obj
         Debug\MaxCPlanar_Sub.obj
         Debug\MaximumCPlanarSubgraph.obj
         Debug\BCTree.obj
         Debug\DynamicBCTree.obj
         Debug\DynamicSPQRForest.obj
         Debug\DynamicSPQRTree.obj
         Debug\NonPlanarCore.obj
         Debug\PlanarSPQRTree.obj
         Debug\StaticSPQRTree.obj
         Debug\TricComp.obj
         Debug\AdjacencyOracle.obj
         Debug\ArrayGraph.obj
         Debug\Attraction.obj
         Debug\CoinTutteLayout.obj
         Debug\DavidsonHarel.obj
         Debug\DavidsonHarelLayout.obj
         Debug\EdgeAttributes.obj
         Debug\EnergyFunction.obj
         Debug\FastMultipoleEmbedder.obj
         Debug\FMEKernel.obj
         Debug\FMEMultipoleKernel.obj
         Debug\FMEThread.obj
         Debug\FMMMLayout.obj
         Debug\FruchtermanReingold.obj
         Debug\GalaxyMultilevel.obj
         Debug\GEMLayout.obj
         Debug\IntersectionRectangle.obj
         Debug\LinearQuadtree.obj
         Debug\LinearQuadtreeBuilder.obj
         Debug\LinearQuadtreeExpansion.obj
         Debug\MAARPacking.obj
         Debug\Multilevel.obj
         Debug\MultilevelGraph.obj
         Debug\MultilevelLayout.obj
         Debug\BarycenterPlacer.obj
         Debug\CirclePlacer.obj
         Debug\EdgeCoverMerger.obj
         Debug\IndependentSetMerger.obj
         Debug\LocalBiconnectedMerger.obj
         Debug\MatchingMerger.obj
         Debug\MedianPlacer.obj
         Debug\MixedForceLayout.obj
         Debug\MMMExampleFastLayout.obj
         Debug\MMMExampleNiceLayout.obj
         Debug\MMMExampleNoTwistLayout.obj
         Debug\ModularMultilevelMixer.obj
         Debug\RandomMerger.obj
         Debug\RandomPlacer.obj
         Debug\ScalingLayout.obj
         Debug\SolarMerger.obj
         Debug\SolarPlacer.obj
         Debug\ZeroPlacer.obj
         Debug\NMM.obj
         Debug\NodeAttributes.obj
         Debug\NodePairEnergy.obj
         Debug\numexcept.obj
         Debug\Overlap.obj
         Debug\Planarity.obj
         Debug\PlanarityGrid.obj
         Debug\QuadTreeNM.obj
         Debug\QuadTreeNodeNM.obj
         Debug\Repulsion.obj
         Debug\Set.obj
         Debug\SpringEmbedderFR.obj
         Debug\SpringEmbedderFRExact.obj
         Debug\SpringEmbedderKK.obj
         Debug\StressMajorizationSimple.obj
         Debug\UniformGrid.obj
         Debug\WSPD.obj
         Debug\coin.obj
         Debug\DinoLineBuffer.obj
         Debug\DinoTools.obj
         Debug\DinoUmlDiagramGraph.obj
         Debug\DinoUmlModelGraph.obj
         Debug\DinoUmlToGraphConverter.obj
         Debug\DinoXmlParser.obj
         Debug\DinoXmlScanner.obj
         Debug\GmlParser.obj
         Debug\Ogml.obj
         Debug\OgmlParser.obj
         Debug\simple_graph_load.obj
         Debug\XmlParser.obj
         Debug\ConvexHull.obj
         Debug\mcf_front_reinelt.obj
         Debug\MinCostFlowModule.obj
         Debug\MinCostFlowReinelt.obj
         Debug\MinimumCut.obj
         Debug\PageRank.obj
         Debug\ShortestPathsWithBFM.obj
         Debug\SimpleIncNodeInserter.obj
         Debug\ELabelPosSimple.obj
         Debug\acyclic_subgraph.obj
         Debug\CoffmanGrahamRanking.obj
         Debug\CrossingsMatrix.obj
         Debug\FastHierarchyLayout.obj
         Debug\FastSimpleHierarchyLayout.obj
         Debug\heuristics.obj
         Debug\HierarchyLayoutModule.obj
         Debug\OptimalHierarchyClusterLayout.obj
         Debug\OptimalHierarchyLayout.obj
         Debug\OptimalRanking.obj
         Debug\ranking.obj
         Debug\SplitHeuristic.obj
         "Debug\sugiyama-cluster.obj"
         Debug\sugiyama.obj
         Debug\LPSolver_coin.obj
         Debug\BalloonLayout.obj
         Debug\CircularLayout.obj
         Debug\ProcrustesSubLayout.obj
         Debug\ClusterOrthoLayout.obj
         Debug\ClusterOrthoShaper.obj
         Debug\CompactionConstraintGraph.obj
         Debug\EdgeRouter.obj
         Debug\FlowCompaction.obj
         Debug\LongestPathCompaction.obj
         Debug\NodeInfo.obj
         Debug\OrthoLayout.obj
         Debug\OrthoRep.obj
         Debug\OrthoShaper.obj
         Debug\CCLayoutPackModule.obj
         Debug\ComponentSplitterLayout.obj
         Debug\TileToRowsCCPacker.obj
         Debug\BoothLueker.obj
         Debug\BoyerMyrvold.obj
         Debug\BoyerMyrvoldInit.obj
         Debug\BoyerMyrvoldPlanar.obj
         Debug\ClusterPlanRep.obj
         Debug\EdgeInsertionModule.obj
         Debug\EmbedderMaxFace.obj
         Debug\EmbedderMaxFaceLayers.obj
         Debug\EmbedderMinDepth.obj
         Debug\EmbedderMinDepthMaxFace.obj
         Debug\EmbedderMinDepthMaxFaceLayers.obj
         Debug\EmbedderMinDepthPiTa.obj
         Debug\EmbedPQTree.obj
         Debug\ExtractKuratowskis.obj
         Debug\FastPlanarSubgraph.obj
         Debug\FindKuratowskis.obj
         Debug\FixedEmbeddingInserter.obj
         Debug\GraphReduction.obj
         Debug\Layout.obj
         Debug\LayoutPlanRepModule.obj
         Debug\MaximalPlanarSubgraphSimple.obj
         Debug\MaximumPlanarSubgraph.obj
         Debug\MDMFLengthAttribute.obj
         Debug\MMCrossingMinimizationModule.obj
         Debug\MMFixedEmbeddingInserter.obj
         Debug\MMSubgraphPlanarizer.obj
         Debug\MMVariableEmbeddingInserter.obj
         Debug\MultiEdgeApproxInserter.obj
         Debug\PlanarizationGridLayout.obj
         Debug\PlanarizationLayout.obj
         Debug\PlanarizationLayout_inc.obj
         Debug\PlanarPQTree.obj
         Debug\PlanarSubgraphModule.obj
         Debug\PlanarSubgraphPQTree.obj
         Debug\PlanRep.obj
         Debug\PlanRepExpansion.obj
         Debug\PlanRepInc.obj
         Debug\PlanRepUML.obj
         Debug\SimpleEmbedder.obj
         Debug\SubgraphPlanarizer.obj
         Debug\TopologyModule.obj
         Debug\VariableEmbeddingInserter.obj
         Debug\VariableEmbeddingInserter2.obj
         Debug\BiconnectedShellingOrder.obj
         Debug\FPPLayout.obj
         Debug\IOPoints.obj
         Debug\MixedModelBase.obj
         Debug\MixedModelCrossingsBeautifierModule.obj
         Debug\MixedModelLayout.obj
         Debug\MMCBBase.obj
         Debug\PlanarDrawLayout.obj
         Debug\PlanarStraightLayout.obj
         Debug\SchnyderLayout.obj
         Debug\ShellingOrder.obj
         Debug\ShellingOrderModule.obj
         Debug\TriconnectedShellingOrder.obj
         Debug\SimDraw.obj
         Debug\SimDrawCaller.obj
         Debug\SimDrawColorizer.obj
         Debug\SimDrawCreator.obj
         Debug\SimDrawCreatorSimple.obj
         Debug\SimDrawManipulatorModule.obj
         Debug\RadialTreeLayout.obj
         Debug\TreeLayout.obj
         Debug\DominanceLayout.obj
         Debug\ExpansionGraph.obj
         Debug\FaceSinkGraph.obj
         Debug\FeasibleUpwardPlanarSubgraph.obj
         Debug\FixedEmbeddingUpwardEdgeInserter.obj
         Debug\FUPSSimple.obj
         Debug\LayerBasedUPRLayout.obj
         Debug\SubgraphUpwardPlanarizer.obj
         Debug\UpwardPlanarModule.obj
         Debug\UpwardPlanarSubgraphModule.obj
         Debug\UpwardPlanarSubgraphSimple.obj
         Debug\UpwardPlanRep.obj
         Debug\VisibilityLayout.obj
         graphdrawing.vcxproj -> C:\Users\tonyju\Documents\Visual Studio 2013\Projects\graphdrawing\Debug\graphdrawing.exe
     1>Done Building Project "C:\Users\tonyju\Documents\Visual Studio 2013\Projects\graphdrawing\graphdrawing\graphdrawing.vcxproj" (Build target(s)).

Build succeeded.

Time Elapsed 00:00:03.07
